<?xml version="1.0" encoding="UTF-8"?>
<!-- Generated by org.testng.reporters.JUnitXMLReporter -->
<testsuite ignored="0" hostname="dewesh-VivoBook-ASUSLaptop-X415JAB-X415JA" failures="0" tests="3" name="Default test" time="6.773" errors="0" timestamp="2023-07-31T09:21:05 IST">
  <testcase classname="testNG.DataProvider" name="demo" time="2.915"/>
  <testcase classname="testNG.DataProvider" name="demo" time="1.639"/>
  <testcase classname="testNG.DataProvider" name="demo" time="2.187"/>
</testsuite> <!-- Default test -->
