<?xml version="1.0" encoding="UTF-8"?>
<!-- Generated by org.testng.reporters.JUnitXMLReporter -->
<testsuite ignored="1" hostname="dewesh-VivoBook-ASUSLaptop-X415JAB-X415JA" failures="0" tests="5" name="Test" time="0.071" errors="0" timestamp="2023-07-28T20:46:41 IST">
  <testcase classname="testNG.Priority" name="test1" time="0.015"/>
  <testcase classname="testNG.Priority" name="test1" time="0.001"/>
  <testcase classname="testNG.Priority" name="test2" time="0.002"/>
  <testcase classname="testNG.Invocation_Count" name="test1" time="0.003"/>
  <testcase classname="testNG.Invocation_Count" name="test2" time="0.001"/>
  <testcase classname="testNG.Priority" name="test3" time="0.0">
    <ignored/>
  </testcase> <!-- test3 -->
</testsuite> <!-- Test -->
