<?xml version="1.0" encoding="UTF-8"?>
<testng-results ignored="0" total="3" passed="3" failed="0" skipped="0">
  <reporter-output>
  </reporter-output>
  <suite started-at="2023-07-31T09:20:58 IST" name="Default suite" finished-at="2023-07-31T09:21:05 IST" duration-ms="6773">
    <groups>
    </groups>
    <test started-at="2023-07-31T09:20:58 IST" name="Default test" finished-at="2023-07-31T09:21:05 IST" duration-ms="6773">
      <class name="testNG.DataProvider">
        <test-method signature="demo(java.lang.String,java.lang.String)[pri:0, instance:testNG.DataProvider@73700b80]" started-at="2023-07-31T09:20:58 IST" name="demo" data-provider="getData" finished-at="2023-07-31T09:21:01 IST" duration-ms="2915" status="PASS">
          <params>
            <param index="0">
              <value>
                <![CDATA[ahasjg]]>
              </value>
            </param>
            <param index="1">
              <value>
                <![CDATA[12dfgkj]]>
              </value>
            </param>
          </params>
          <reporter-output>
          </reporter-output>
        </test-method> <!-- demo -->
        <test-method signature="demo(java.lang.String,java.lang.String)[pri:0, instance:testNG.DataProvider@73700b80]" started-at="2023-07-31T09:21:01 IST" name="demo" data-provider="getData" finished-at="2023-07-31T09:21:02 IST" duration-ms="1639" status="PASS">
          <params>
            <param index="0">
              <value>
                <![CDATA[12345]]>
              </value>
            </param>
            <param index="1">
              <value>
                <![CDATA[asdf1234]]>
              </value>
            </param>
          </params>
          <reporter-output>
          </reporter-output>
        </test-method> <!-- demo -->
        <test-method signature="demo(java.lang.String,java.lang.String)[pri:0, instance:testNG.DataProvider@73700b80]" started-at="2023-07-31T09:21:02 IST" name="demo" data-provider="getData" finished-at="2023-07-31T09:21:05 IST" duration-ms="2187" status="PASS">
          <params>
            <param index="0">
              <value>
                <![CDATA[asd12$#@#]]>
              </value>
            </param>
            <param index="1">
              <value>
                <![CDATA[yhsj)(*&]]>
              </value>
            </param>
          </params>
          <reporter-output>
          </reporter-output>
        </test-method> <!-- demo -->
      </class> <!-- testNG.DataProvider -->
    </test> <!-- Default test -->
  </suite> <!-- Default suite -->
</testng-results>
